<?xml version="1.0" encoding="UTF-8" ?>
<testsuites>
  <testsuite errors="0" failures="0" hostname="Ivan-PC" id="0" name="FindDuplicateFilesTest" package="fdf" skipped="0" tests="6" time="2.25" timestamp="2014-03-02T15:32:18">
      <properties>
[...]
</properties>

      <testcase classname="fdf.FindDuplicateFilesTest" name="testMockTwoEmptyFilesSoureDirectory" time="0.401" />

      <testcase classname="fdf.FindDuplicateFilesTest" name="testMockTwoEmptyFilesSubDirectories" time="0.156" />

      <testcase classname="fdf.FindDuplicateFilesTest" name="testGetFileContent" time="0.172" />

      <testcase classname="fdf.FindDuplicateFilesTest" name="testEqualFileContent" time="0.295" />

      <testcase classname="fdf.FindDuplicateFilesTest" name="testMockOneEmptyFilesSoureDirectory" time="0.079" />

      <testcase classname="fdf.FindDuplicateFilesTest" name="testMockThreeFiles" time="0.225" />

      <system-out><![CDATA[]]></system-out>

      <system-err><![CDATA[]]></system-err>

  </testsuite>
</testsuites>
